randwrite: (g=0): rw=randwrite, bs=4K-4K/4K-4K/4K-4K, ioengine=libaio, iodepth=16
...
fio-2.16
Starting 8 processes
randwrite: Laying out IO file(s) (1 file(s) / 512MB)
randwrite: Laying out IO file(s) (1 file(s) / 512MB)
randwrite: Laying out IO file(s) (1 file(s) / 512MB)
randwrite: Laying out IO file(s) (1 file(s) / 512MB)
randwrite: Laying out IO file(s) (1 file(s) / 512MB)
randwrite: Laying out IO file(s) (1 file(s) / 512MB)
randwrite: Laying out IO file(s) (1 file(s) / 512MB)
randwrite: Laying out IO file(s) (1 file(s) / 512MB)

randwrite: (groupid=0, jobs=8): err= 0: pid=25242: Mon Aug 14 10:18:40 2017
  write: io=1551.6MB, bw=6615.5KB/s, iops=1653, runt=240086msec
    slat (usec): min=3, max=316812, avg=59.12, stdev=2027.75
    clat (usec): min=869, max=407578, avg=77323.25, stdev=29254.86
     lat (usec): min=883, max=418653, avg=77382.38, stdev=29325.36
    clat percentiles (msec):
     |  1.00th=[    6],  5.00th=[    9], 10.00th=[    9], 20.00th=[   85],
     | 30.00th=[   85], 40.00th=[   86], 50.00th=[   86], 60.00th=[   86],
     | 70.00th=[   86], 80.00th=[   86], 90.00th=[   87], 95.00th=[   87],
     | 99.00th=[  163], 99.50th=[  190], 99.90th=[  285], 99.95th=[  326],
     | 99.99th=[  367]
    lat (usec) : 1000=0.01%
    lat (msec) : 2=0.11%, 4=0.45%, 10=11.05%, 20=0.35%, 50=0.62%
    lat (msec) : 100=85.57%, 250=1.73%, 500=0.13%
  cpu          : usr=0.12%, sys=0.63%, ctx=327617, majf=0, minf=81
  IO depths    : 1=0.1%, 2=0.1%, 4=0.1%, 8=0.1%, 16=100.0%, 32=0.0%, >=64=0.0%
     submit    : 0=0.0%, 4=100.0%, 8=0.0%, 16=0.0%, 32=0.0%, 64=0.0%, >=64=0.0%
     complete  : 0=0.0%, 4=100.0%, 8=0.0%, 16=0.1%, 32=0.0%, 64=0.0%, >=64=0.0%
     issued    : total=r=0/w=397071/d=0, short=r=0/w=0/d=0, drop=r=0/w=0/d=0
     latency   : target=0, window=0, percentile=100.00%, depth=16

Run status group 0 (all jobs):
  WRITE: io=1551.6MB, aggrb=6615KB/s, minb=6615KB/s, maxb=6615KB/s, mint=240086msec, maxt=240086msec

Disk stats (read/write):
  sda: ios=2/401394, merge=0/75002, ticks=188/30770120, in_queue=30775848, util=99.96%
randwrite: (g=0): rw=randwrite, bs=4K-4K/4K-4K/4K-4K, ioengine=libaio, iodepth=16
...
fio-2.16
Starting 8 processes

randwrite: (groupid=0, jobs=8): err= 0: pid=25411: Mon Aug 14 10:22:41 2017
  write: io=1409.2MB, bw=6010.2KB/s, iops=1502, runt=240086msec
    slat (usec): min=3, max=86594, avg=63.35, stdev=1829.97
    clat (usec): min=446, max=532526, avg=85110.64, stdev=15167.63
     lat (usec): min=719, max=532537, avg=85173.98, stdev=15128.07
    clat percentiles (msec):
     |  1.00th=[   28],  5.00th=[   85], 10.00th=[   85], 20.00th=[   85],
     | 30.00th=[   86], 40.00th=[   86], 50.00th=[   86], 60.00th=[   86],
     | 70.00th=[   86], 80.00th=[   86], 90.00th=[   87], 95.00th=[   87],
     | 99.00th=[  101], 99.50th=[  137], 99.90th=[  167], 99.95th=[  523],
     | 99.99th=[  529]
    lat (usec) : 500=0.01%, 750=0.01%, 1000=0.01%
    lat (msec) : 2=0.18%, 4=0.25%, 10=0.31%, 20=0.14%, 50=0.44%
    lat (msec) : 100=97.66%, 250=0.94%, 500=0.01%, 750=0.07%
  cpu          : usr=0.11%, sys=0.44%, ctx=309866, majf=0, minf=84
  IO depths    : 1=0.1%, 2=0.1%, 4=0.1%, 8=0.1%, 16=100.0%, 32=0.0%, >=64=0.0%
     submit    : 0=0.0%, 4=100.0%, 8=0.0%, 16=0.0%, 32=0.0%, 64=0.0%, >=64=0.0%
     complete  : 0=0.0%, 4=100.0%, 8=0.0%, 16=0.1%, 32=0.0%, 64=0.0%, >=64=0.0%
     issued    : total=r=0/w=360740/d=0, short=r=0/w=0/d=0, drop=r=0/w=0/d=0
     latency   : target=0, window=0, percentile=100.00%, depth=16

Run status group 0 (all jobs):
  WRITE: io=1409.2MB, aggrb=6010KB/s, minb=6010KB/s, maxb=6010KB/s, mint=240086msec, maxt=240086msec

Disk stats (read/write):
  sda: ios=0/362036, merge=0/2423, ticks=0/30924536, in_queue=30929864, util=99.96%
randwrite: (g=0): rw=randwrite, bs=4K-4K/4K-4K/4K-4K, ioengine=libaio, iodepth=16
...
fio-2.16
Starting 8 processes

randwrite: (groupid=0, jobs=8): err= 0: pid=25446: Mon Aug 14 10:26:43 2017
  write: io=1414.6MB, bw=6033.3KB/s, iops=1508, runt=240087msec
    slat (usec): min=3, max=86793, avg=72.63, stdev=1985.19
    clat (usec): min=515, max=171376, avg=84779.56, stdev=10385.99
     lat (usec): min=889, max=171394, avg=84852.19, stdev=10317.31
    clat percentiles (msec):
     |  1.00th=[   23],  5.00th=[   85], 10.00th=[   85], 20.00th=[   85],
     | 30.00th=[   86], 40.00th=[   86], 50.00th=[   86], 60.00th=[   86],
     | 70.00th=[   86], 80.00th=[   86], 90.00th=[   87], 95.00th=[   87],
     | 99.00th=[  106], 99.50th=[  137], 99.90th=[  163], 99.95th=[  165],
     | 99.99th=[  169]
    lat (usec) : 750=0.01%, 1000=0.01%
    lat (msec) : 2=0.13%, 4=0.30%, 10=0.35%, 20=0.17%, 50=0.53%
    lat (msec) : 100=97.40%, 250=1.11%
  cpu          : usr=0.13%, sys=0.45%, ctx=312424, majf=0, minf=81
  IO depths    : 1=0.1%, 2=0.1%, 4=0.1%, 8=0.1%, 16=100.0%, 32=0.0%, >=64=0.0%
     submit    : 0=0.0%, 4=100.0%, 8=0.0%, 16=0.0%, 32=0.0%, 64=0.0%, >=64=0.0%
     complete  : 0=0.0%, 4=100.0%, 8=0.0%, 16=0.1%, 32=0.0%, 64=0.0%, >=64=0.0%
     issued    : total=r=0/w=362113/d=0, short=r=0/w=0/d=0, drop=r=0/w=0/d=0
     latency   : target=0, window=0, percentile=100.00%, depth=16

Run status group 0 (all jobs):
  WRITE: io=1414.6MB, aggrb=6033KB/s, minb=6033KB/s, maxb=6033KB/s, mint=240087msec, maxt=240087msec

Disk stats (read/write):
  sda: ios=0/362106, merge=0/101, ticks=0/30480844, in_queue=30486268, util=99.96%
randwrite: (g=0): rw=randwrite, bs=4K-4K/4K-4K/4K-4K, ioengine=libaio, iodepth=16
...
fio-2.16
Starting 8 processes

randwrite: (groupid=0, jobs=8): err= 0: pid=25481: Mon Aug 14 10:30:44 2017
  write: io=1416.6MB, bw=6041.7KB/s, iops=1510, runt=240086msec
    slat (usec): min=3, max=86865, avg=71.59, stdev=1978.90
    clat (usec): min=422, max=170620, avg=84658.36, stdev=10692.97
     lat (usec): min=882, max=170643, avg=84729.95, stdev=10625.13
    clat percentiles (msec):
     |  1.00th=[   14],  5.00th=[   85], 10.00th=[   85], 20.00th=[   85],
     | 30.00th=[   86], 40.00th=[   86], 50.00th=[   86], 60.00th=[   86],
     | 70.00th=[   86], 80.00th=[   86], 90.00th=[   87], 95.00th=[   87],
     | 99.00th=[  103], 99.50th=[  137], 99.90th=[  163], 99.95th=[  165],
     | 99.99th=[  169]
    lat (usec) : 500=0.01%, 750=0.01%, 1000=0.01%
    lat (msec) : 2=0.20%, 4=0.21%, 10=0.52%, 20=0.16%, 50=0.50%
    lat (msec) : 100=97.35%, 250=1.05%
  cpu          : usr=0.12%, sys=0.46%, ctx=315141, majf=0, minf=82
  IO depths    : 1=0.1%, 2=0.1%, 4=0.1%, 8=0.1%, 16=100.0%, 32=0.0%, >=64=0.0%
     submit    : 0=0.0%, 4=100.0%, 8=0.0%, 16=0.0%, 32=0.0%, 64=0.0%, >=64=0.0%
     complete  : 0=0.0%, 4=100.0%, 8=0.0%, 16=0.1%, 32=0.0%, 64=0.0%, >=64=0.0%
     issued    : total=r=0/w=362630/d=0, short=r=0/w=0/d=0, drop=r=0/w=0/d=0
     latency   : target=0, window=0, percentile=100.00%, depth=16

Run status group 0 (all jobs):
  WRITE: io=1416.6MB, aggrb=6041KB/s, minb=6041KB/s, maxb=6041KB/s, mint=240086msec, maxt=240086msec

Disk stats (read/write):
  sda: ios=0/362631, merge=0/98, ticks=0/30491488, in_queue=30496660, util=99.96%
randwrite: (g=0): rw=randwrite, bs=4K-4K/4K-4K/4K-4K, ioengine=libaio, iodepth=16
...
fio-2.16
Starting 8 processes

randwrite: (groupid=0, jobs=8): err= 0: pid=25517: Mon Aug 14 10:34:46 2017
  write: io=1414.2MB, bw=6035.9KB/s, iops=1508, runt=240086msec
    slat (usec): min=2, max=86750, avg=69.87, stdev=1936.08
    clat (usec): min=491, max=174072, avg=84753.19, stdev=10334.77
     lat (usec): min=861, max=174089, avg=84823.06, stdev=10267.53
    clat percentiles (msec):
     |  1.00th=[   22],  5.00th=[   85], 10.00th=[   85], 20.00th=[   85],
     | 30.00th=[   86], 40.00th=[   86], 50.00th=[   86], 60.00th=[   86],
     | 70.00th=[   86], 80.00th=[   86], 90.00th=[   87], 95.00th=[   87],
     | 99.00th=[  103], 99.50th=[  137], 99.90th=[  161], 99.95th=[  165],
     | 99.99th=[  169]
    lat (usec) : 500=0.01%, 750=0.01%, 1000=0.01%
    lat (msec) : 2=0.20%, 4=0.22%, 10=0.39%, 20=0.17%, 50=0.50%
    lat (msec) : 100=97.46%, 250=1.05%
  cpu          : usr=0.12%, sys=0.46%, ctx=312229, majf=0, minf=81
  IO depths    : 1=0.1%, 2=0.1%, 4=0.1%, 8=0.1%, 16=100.0%, 32=0.0%, >=64=0.0%
     submit    : 0=0.0%, 4=100.0%, 8=0.0%, 16=0.0%, 32=0.0%, 64=0.0%, >=64=0.0%
     complete  : 0=0.0%, 4=100.0%, 8=0.0%, 16=0.1%, 32=0.0%, 64=0.0%, >=64=0.0%
     issued    : total=r=0/w=362235/d=0, short=r=0/w=0/d=0, drop=r=0/w=0/d=0
     latency   : target=0, window=0, percentile=100.00%, depth=16

Run status group 0 (all jobs):
  WRITE: io=1414.2MB, aggrb=6035KB/s, minb=6035KB/s, maxb=6035KB/s, mint=240086msec, maxt=240086msec

Disk stats (read/write):
  sda: ios=0/362232, merge=0/110, ticks=0/30494944, in_queue=30500320, util=99.96%
randwrite: (g=0): rw=randwrite, bs=4K-4K/4K-4K/4K-4K, ioengine=libaio, iodepth=16
...
fio-2.16
Starting 8 processes
randwrite: Laying out IO file(s) (1 file(s) / 512MB)
randwrite: Laying out IO file(s) (1 file(s) / 512MB)
randwrite: Laying out IO file(s) (1 file(s) / 512MB)
randwrite: Laying out IO file(s) (1 file(s) / 512MB)
randwrite: Laying out IO file(s) (1 file(s) / 512MB)
randwrite: Laying out IO file(s) (1 file(s) / 512MB)
randwrite: Laying out IO file(s) (1 file(s) / 512MB)
randwrite: Laying out IO file(s) (1 file(s) / 512MB)

randwrite: (groupid=0, jobs=8): err= 0: pid=31130: Mon Aug 14 11:56:33 2017
  write: io=1465.6MB, bw=6250.7KB/s, iops=1562, runt=240086msec
    slat (usec): min=3, max=367049, avg=63.39, stdev=2195.52
    clat (usec): min=627, max=483939, avg=81836.55, stdev=24462.07
     lat (usec): min=638, max=502004, avg=81899.94, stdev=24608.31
    clat percentiles (msec):
     |  1.00th=[    6],  5.00th=[    9], 10.00th=[   85], 20.00th=[   85],
     | 30.00th=[   86], 40.00th=[   86], 50.00th=[   86], 60.00th=[   86],
     | 70.00th=[   86], 80.00th=[   86], 90.00th=[   87], 95.00th=[   87],
     | 99.00th=[  163], 99.50th=[  188], 99.90th=[  302], 99.95th=[  375],
     | 99.99th=[  449]
    lat (usec) : 750=0.01%, 1000=0.01%
    lat (msec) : 2=0.14%, 4=0.28%, 10=5.42%, 20=0.33%, 50=0.65%
    lat (msec) : 100=91.26%, 250=1.79%, 500=0.13%
  cpu          : usr=0.15%, sys=0.64%, ctx=312233, majf=0, minf=75
  IO depths    : 1=0.1%, 2=0.1%, 4=0.1%, 8=0.1%, 16=100.0%, 32=0.0%, >=64=0.0%
     submit    : 0=0.0%, 4=100.0%, 8=0.0%, 16=0.0%, 32=0.0%, 64=0.0%, >=64=0.0%
     complete  : 0=0.0%, 4=100.0%, 8=0.0%, 16=0.1%, 32=0.0%, 64=0.0%, >=64=0.0%
     issued    : total=r=0/w=375170/d=0, short=r=0/w=0/d=0, drop=r=0/w=0/d=0
     latency   : target=0, window=0, percentile=100.00%, depth=16

Run status group 0 (all jobs):
  WRITE: io=1465.6MB, aggrb=6250KB/s, minb=6250KB/s, maxb=6250KB/s, mint=240086msec, maxt=240086msec

Disk stats (read/write):
  sda: ios=0/379507, merge=0/70211, ticks=0/30806568, in_queue=30849076, util=99.98%
randwrite: (g=0): rw=randwrite, bs=4K-4K/4K-4K/4K-4K, ioengine=libaio, iodepth=16
...
fio-2.16
Starting 8 processes

randwrite: (groupid=0, jobs=8): err= 0: pid=31292: Mon Aug 14 12:00:34 2017
  write: io=1414.2MB, bw=6031.7KB/s, iops=1507, runt=240086msec
    slat (usec): min=2, max=92320, avg=80.75, stdev=2114.64
    clat (usec): min=511, max=284621, avg=84791.46, stdev=11396.99
     lat (usec): min=971, max=284634, avg=84872.21, stdev=11332.54
    clat percentiles (msec):
     |  1.00th=[   18],  5.00th=[   85], 10.00th=[   85], 20.00th=[   85],
     | 30.00th=[   86], 40.00th=[   86], 50.00th=[   86], 60.00th=[   86],
     | 70.00th=[   86], 80.00th=[   86], 90.00th=[   87], 95.00th=[   87],
     | 99.00th=[  114], 99.50th=[  143], 99.90th=[  165], 99.95th=[  169],
     | 99.99th=[  285]
    lat (usec) : 750=0.01%, 1000=0.01%
    lat (msec) : 2=0.22%, 4=0.19%, 10=0.45%, 20=0.18%, 50=0.56%
    lat (msec) : 100=97.15%, 250=1.22%, 500=0.04%
  cpu          : usr=0.14%, sys=0.48%, ctx=315437, majf=0, minf=82
  IO depths    : 1=0.1%, 2=0.1%, 4=0.1%, 8=0.1%, 16=100.0%, 32=0.0%, >=64=0.0%
     submit    : 0=0.0%, 4=100.0%, 8=0.0%, 16=0.0%, 32=0.0%, 64=0.0%, >=64=0.0%
     complete  : 0=0.0%, 4=100.0%, 8=0.0%, 16=0.1%, 32=0.0%, 64=0.0%, >=64=0.0%
     issued    : total=r=0/w=362030/d=0, short=r=0/w=0/d=0, drop=r=0/w=0/d=0
     latency   : target=0, window=0, percentile=100.00%, depth=16

Run status group 0 (all jobs):
  WRITE: io=1414.2MB, aggrb=6031KB/s, minb=6031KB/s, maxb=6031KB/s, mint=240086msec, maxt=240086msec

Disk stats (read/write):
  sda: ios=0/362363, merge=0/3832, ticks=0/30489216, in_queue=30502412, util=99.96%
randwrite: (g=0): rw=randwrite, bs=4K-4K/4K-4K/4K-4K, ioengine=libaio, iodepth=16
...
fio-2.16
Starting 8 processes

randwrite: (groupid=0, jobs=8): err= 0: pid=31328: Mon Aug 14 12:04:36 2017
  write: io=1414.8MB, bw=6034.3KB/s, iops=1508, runt=240085msec
    slat (usec): min=2, max=86828, avg=83.80, stdev=2179.93
    clat (usec): min=424, max=170884, avg=84755.69, stdev=10884.69
     lat (usec): min=438, max=170906, avg=84839.49, stdev=10813.74
    clat percentiles (msec):
     |  1.00th=[   19],  5.00th=[   85], 10.00th=[   85], 20.00th=[   85],
     | 30.00th=[   86], 40.00th=[   86], 50.00th=[   86], 60.00th=[   86],
     | 70.00th=[   86], 80.00th=[   86], 90.00th=[   87], 95.00th=[   87],
     | 99.00th=[  115], 99.50th=[  141], 99.90th=[  163], 99.95th=[  165],
     | 99.99th=[  169]
    lat (usec) : 500=0.01%, 750=0.01%, 1000=0.01%
    lat (msec) : 2=0.15%, 4=0.29%, 10=0.39%, 20=0.20%, 50=0.60%
    lat (msec) : 100=97.10%, 250=1.27%
  cpu          : usr=0.14%, sys=0.47%, ctx=316462, majf=0, minf=81
  IO depths    : 1=0.1%, 2=0.1%, 4=0.1%, 8=0.1%, 16=100.0%, 32=0.0%, >=64=0.0%
     submit    : 0=0.0%, 4=100.0%, 8=0.0%, 16=0.0%, 32=0.0%, 64=0.0%, >=64=0.0%
     complete  : 0=0.0%, 4=100.0%, 8=0.0%, 16=0.1%, 32=0.0%, 64=0.0%, >=64=0.0%
     issued    : total=r=0/w=362170/d=0, short=r=0/w=0/d=0, drop=r=0/w=0/d=0
     latency   : target=0, window=0, percentile=100.00%, depth=16

Run status group 0 (all jobs):
  WRITE: io=1414.8MB, aggrb=6034KB/s, minb=6034KB/s, maxb=6034KB/s, mint=240085msec, maxt=240085msec

Disk stats (read/write):
  sda: ios=0/362175, merge=0/146, ticks=0/30415020, in_queue=30426900, util=99.97%
randwrite: (g=0): rw=randwrite, bs=4K-4K/4K-4K/4K-4K, ioengine=libaio, iodepth=16
...
fio-2.16
Starting 8 processes

randwrite: (groupid=0, jobs=8): err= 0: pid=31363: Mon Aug 14 12:08:37 2017
  write: io=1416.8MB, bw=6039.8KB/s, iops=1509, runt=240086msec
    slat (usec): min=2, max=86798, avg=73.30, stdev=1995.81
    clat (usec): min=507, max=171837, avg=84685.61, stdev=10648.27
     lat (usec): min=970, max=171862, avg=84758.91, stdev=10592.16
    clat percentiles (msec):
     |  1.00th=[   17],  5.00th=[   85], 10.00th=[   85], 20.00th=[   85],
     | 30.00th=[   86], 40.00th=[   86], 50.00th=[   86], 60.00th=[   86],
     | 70.00th=[   86], 80.00th=[   86], 90.00th=[   87], 95.00th=[   87],
     | 99.00th=[  106], 99.50th=[  139], 99.90th=[  161], 99.95th=[  165],
     | 99.99th=[  169]
    lat (usec) : 750=0.01%, 1000=0.01%
    lat (msec) : 2=0.09%, 4=0.35%, 10=0.45%, 20=0.16%, 50=0.49%
    lat (msec) : 100=97.36%, 250=1.10%
  cpu          : usr=0.13%, sys=0.47%, ctx=315090, majf=0, minf=82
  IO depths    : 1=0.1%, 2=0.1%, 4=0.1%, 8=0.1%, 16=100.0%, 32=0.0%, >=64=0.0%
     submit    : 0=0.0%, 4=100.0%, 8=0.0%, 16=0.0%, 32=0.0%, 64=0.0%, >=64=0.0%
     complete  : 0=0.0%, 4=100.0%, 8=0.0%, 16=0.1%, 32=0.0%, 64=0.0%, >=64=0.0%
     issued    : total=r=0/w=362516/d=0, short=r=0/w=0/d=0, drop=r=0/w=0/d=0
     latency   : target=0, window=0, percentile=100.00%, depth=16

Run status group 0 (all jobs):
  WRITE: io=1416.8MB, aggrb=6039KB/s, minb=6039KB/s, maxb=6039KB/s, mint=240086msec, maxt=240086msec

Disk stats (read/write):
  sda: ios=0/362511, merge=0/157, ticks=0/30446920, in_queue=30459792, util=99.96%
randwrite: (g=0): rw=randwrite, bs=4K-4K/4K-4K/4K-4K, ioengine=libaio, iodepth=16
...
fio-2.16
Starting 8 processes

randwrite: (groupid=0, jobs=8): err= 0: pid=31398: Mon Aug 14 12:12:39 2017
  write: io=1416.4MB, bw=6040.1KB/s, iops=1510, runt=240087msec
    slat (usec): min=2, max=86634, avg=72.53, stdev=1980.70
    clat (usec): min=457, max=171450, avg=84673.35, stdev=10688.92
     lat (usec): min=999, max=171464, avg=84745.88, stdev=10633.89
    clat percentiles (msec):
     |  1.00th=[   16],  5.00th=[   85], 10.00th=[   85], 20.00th=[   85],
     | 30.00th=[   86], 40.00th=[   86], 50.00th=[   86], 60.00th=[   86],
     | 70.00th=[   86], 80.00th=[   86], 90.00th=[   87], 95.00th=[   87],
     | 99.00th=[  108], 99.50th=[  137], 99.90th=[  161], 99.95th=[  165],
     | 99.99th=[  169]
    lat (usec) : 500=0.01%, 750=0.01%, 1000=0.01%
    lat (msec) : 2=0.14%, 4=0.29%, 10=0.48%, 20=0.16%, 50=0.51%
    lat (msec) : 100=97.31%, 250=1.11%
  cpu          : usr=0.13%, sys=0.45%, ctx=313971, majf=0, minf=71
  IO depths    : 1=0.1%, 2=0.1%, 4=0.1%, 8=0.1%, 16=100.0%, 32=0.0%, >=64=0.0%
     submit    : 0=0.0%, 4=100.0%, 8=0.0%, 16=0.0%, 32=0.0%, 64=0.0%, >=64=0.0%
     complete  : 0=0.0%, 4=100.0%, 8=0.0%, 16=0.1%, 32=0.0%, 64=0.0%, >=64=0.0%
     issued    : total=r=0/w=362586/d=0, short=r=0/w=0/d=0, drop=r=0/w=0/d=0
     latency   : target=0, window=0, percentile=100.00%, depth=16

Run status group 0 (all jobs):
  WRITE: io=1416.4MB, aggrb=6040KB/s, minb=6040KB/s, maxb=6040KB/s, mint=240087msec, maxt=240087msec

Disk stats (read/write):
  sda: ios=0/362581, merge=0/156, ticks=0/30448976, in_queue=30459880, util=99.96%
