Download a 100Mb file:
======================

IPv4 speedtests

CacheFly CDN (IPv4):  20.7MB/s
DigitalOcean (GB) (IPv4):  27.3MB/s
LeaseWeb (NL) (IPv4):  28.3MB/s
Linode (GB) (IPv4):  27.7MB/s
Online.net (FR) (IPv4):  24.7MB/s
OVH (FR) (IPv4):  19.7MB/s
Softlayer (FR) (IPv4):  25.2MB/s
Vultr (GB) (IPv4):  22.1MB/s


Download a 10Gb file:
======================

IPv4 speedtests

CDN77.com (NL) (IPv4):  29.2MB/s
Online.net 10G (FR) (IPv4):  29.1MB/s
OVH 10G (FR) (IPv4):  22.5MB/s

Download a 100Mb file:
======================

IPv4 speedtests

CacheFly CDN (IPv4):  19.6MB/s
DigitalOcean (GB) (IPv4):  27.6MB/s
LeaseWeb (NL) (IPv4):  28.3MB/s
Linode (GB) (IPv4):  27.8MB/s
Online.net (FR) (IPv4):  24.6MB/s
OVH (FR) (IPv4):  19.4MB/s
Softlayer (FR) (IPv4):  24.4MB/s
Vultr (GB) (IPv4):  21.5MB/s


Download a 10Gb file:
======================

IPv4 speedtests

CDN77.com (NL) (IPv4):  28.7MB/s
Online.net 10G (FR) (IPv4):  29.1MB/s
OVH 10G (FR) (IPv4):  17.0MB/s

Download a 100Mb file:
======================

IPv4 speedtests

CacheFly CDN (IPv4):  20.3MB/s
DigitalOcean (GB) (IPv4):  27.6MB/s
LeaseWeb (NL) (IPv4):  28.3MB/s
Linode (GB) (IPv4):  27.5MB/s
Online.net (FR) (IPv4):  24.8MB/s
OVH (FR) (IPv4):  11.4MB/s
Softlayer (FR) (IPv4):  23.7MB/s
Vultr (GB) (IPv4):  22.4MB/s


Download a 10Gb file:
======================

IPv4 speedtests

CDN77.com (NL) (IPv4):  29.2MB/s
Online.net 10G (FR) (IPv4):  29.1MB/s
OVH 10G (FR) (IPv4):  24.3MB/s

