randwrite: (g=0): rw=randwrite, bs=4K-4K/4K-4K/4K-4K, ioengine=libaio, iodepth=16
...
fio-2.16
Starting 8 processes
randwrite: Laying out IO file(s) (1 file(s) / 512MB)
randwrite: Laying out IO file(s) (1 file(s) / 512MB)
randwrite: Laying out IO file(s) (1 file(s) / 512MB)
randwrite: Laying out IO file(s) (1 file(s) / 512MB)
randwrite: Laying out IO file(s) (1 file(s) / 512MB)
randwrite: Laying out IO file(s) (1 file(s) / 512MB)
randwrite: Laying out IO file(s) (1 file(s) / 512MB)
randwrite: Laying out IO file(s) (1 file(s) / 512MB)

randwrite: (groupid=0, jobs=8): err= 0: pid=4835: Mon Aug 14 10:18:39 2017
  write: io=1852.4MB, bw=7901.8KB/s, iops=1975, runt=240064msec
    slat (usec): min=4, max=5097.2K, avg=241.18, stdev=27122.56
    clat (usec): min=76, max=11327K, avg=64551.61, stdev=153885.36
     lat (usec): min=91, max=11327K, avg=64792.80, stdev=158590.92
    clat percentiles (msec):
     |  1.00th=[    3],  5.00th=[    5], 10.00th=[    6], 20.00th=[    9],
     | 30.00th=[   14], 40.00th=[   64], 50.00th=[   64], 60.00th=[   64],
     | 70.00th=[   65], 80.00th=[   65], 90.00th=[   65], 95.00th=[  265],
     | 99.00th=[  293], 99.50th=[  302], 99.90th=[  469], 99.95th=[  938],
     | 99.99th=[10159]
    lat (usec) : 100=0.01%, 250=0.01%, 500=0.02%, 750=0.02%, 1000=0.02%
    lat (msec) : 2=0.21%, 4=4.71%, 10=17.93%, 20=9.29%, 50=1.38%
    lat (msec) : 100=57.69%, 250=2.28%, 500=6.35%, 750=0.04%, 1000=0.01%
    lat (msec) : 2000=0.01%, >=2000=0.03%
  cpu          : usr=0.19%, sys=0.87%, ctx=458968, majf=0, minf=69
  IO depths    : 1=0.1%, 2=0.1%, 4=0.1%, 8=0.1%, 16=100.0%, 32=0.0%, >=64=0.0%
     submit    : 0=0.0%, 4=100.0%, 8=0.0%, 16=0.0%, 32=0.0%, 64=0.0%, >=64=0.0%
     complete  : 0=0.0%, 4=100.0%, 8=0.0%, 16=0.1%, 32=0.0%, 64=0.0%, >=64=0.0%
     issued    : total=r=0/w=474191/d=0, short=r=0/w=0/d=0, drop=r=0/w=0/d=0
     latency   : target=0, window=0, percentile=100.00%, depth=16

Run status group 0 (all jobs):
  WRITE: io=1852.4MB, aggrb=7901KB/s, minb=7901KB/s, maxb=7901KB/s, mint=240064msec, maxt=240064msec

Disk stats (read/write):
  sda: ios=0/480054, merge=0/113913, ticks=0/30710916, in_queue=30716376, util=100.00%
randwrite: (g=0): rw=randwrite, bs=4K-4K/4K-4K/4K-4K, ioengine=libaio, iodepth=16
...
fio-2.16
Starting 8 processes

randwrite: (groupid=0, jobs=8): err= 0: pid=5137: Mon Aug 14 10:22:40 2017
  write: io=1875.8MB, bw=7998.2KB/s, iops=1999, runt=240064msec
    slat (usec): min=2, max=3150.4K, avg=75.93, stdev=7015.70
    clat (usec): min=175, max=3360.3K, avg=63928.09, stdev=78665.95
     lat (usec): min=183, max=3360.4K, avg=64004.02, stdev=78965.17
    clat percentiles (msec):
     |  1.00th=[    3],  5.00th=[    4], 10.00th=[    6], 20.00th=[    9],
     | 30.00th=[   12], 40.00th=[   64], 50.00th=[   64], 60.00th=[   64],
     | 70.00th=[   65], 80.00th=[   65], 90.00th=[  115], 95.00th=[  269],
     | 99.00th=[  293], 99.50th=[  297], 99.90th=[  338], 99.95th=[  363],
     | 99.99th=[  465]
    lat (usec) : 250=0.01%, 500=0.01%, 750=0.02%, 1000=0.02%
    lat (msec) : 2=0.08%, 4=5.55%, 10=20.84%, 20=10.11%, 50=0.84%
    lat (msec) : 100=52.34%, 250=1.07%, 500=9.09%, >=2000=0.01%
  cpu          : usr=0.24%, sys=0.87%, ctx=387948, majf=0, minf=83
  IO depths    : 1=0.1%, 2=0.1%, 4=0.1%, 8=0.1%, 16=100.0%, 32=0.0%, >=64=0.0%
     submit    : 0=0.0%, 4=100.0%, 8=0.0%, 16=0.0%, 32=0.0%, 64=0.0%, >=64=0.0%
     complete  : 0=0.0%, 4=100.0%, 8=0.0%, 16=0.1%, 32=0.0%, 64=0.0%, >=64=0.0%
     issued    : total=r=0/w=480019/d=0, short=r=0/w=0/d=0, drop=r=0/w=0/d=0
     latency   : target=0, window=0, percentile=100.00%, depth=16

Run status group 0 (all jobs):
  WRITE: io=1875.8MB, aggrb=7998KB/s, minb=7998KB/s, maxb=7998KB/s, mint=240064msec, maxt=240064msec

Disk stats (read/write):
  sda: ios=0/479995, merge=0/7678, ticks=0/31093636, in_queue=31098192, util=100.00%
randwrite: (g=0): rw=randwrite, bs=4K-4K/4K-4K/4K-4K, ioengine=libaio, iodepth=16
...
fio-2.16
Starting 8 processes

randwrite: (groupid=0, jobs=8): err= 0: pid=5191: Mon Aug 14 10:26:42 2017
  write: io=1875.3MB, bw=7998.9KB/s, iops=1999, runt=240084msec
    slat (usec): min=2, max=3485.4K, avg=52.68, stdev=7475.31
    clat (usec): min=154, max=3498.3K, avg=63946.61, stdev=102879.16
     lat (usec): min=163, max=3498.3K, avg=63999.29, stdev=103134.54
    clat percentiles (msec):
     |  1.00th=[    3],  5.00th=[    4], 10.00th=[    4], 20.00th=[    6],
     | 30.00th=[    7], 40.00th=[    9], 50.00th=[   11], 60.00th=[   13],
     | 70.00th=[   64], 80.00th=[   65], 90.00th=[  262], 95.00th=[  289],
     | 99.00th=[  297], 99.50th=[  302], 99.90th=[  314], 99.95th=[  330],
     | 99.99th=[  914]
    lat (usec) : 250=0.01%, 500=0.02%, 750=0.02%, 1000=0.03%
    lat (msec) : 2=0.12%, 4=10.47%, 10=37.45%, 20=18.25%, 50=0.28%
    lat (msec) : 100=14.97%, 250=1.53%, 500=16.84%, 1000=0.01%, 2000=0.01%
    lat (msec) : >=2000=0.01%
  cpu          : usr=0.26%, sys=0.72%, ctx=353602, majf=0, minf=84
  IO depths    : 1=0.1%, 2=0.1%, 4=0.1%, 8=0.1%, 16=100.0%, 32=0.0%, >=64=0.0%
     submit    : 0=0.0%, 4=100.0%, 8=0.0%, 16=0.0%, 32=0.0%, 64=0.0%, >=64=0.0%
     complete  : 0=0.0%, 4=100.0%, 8=0.0%, 16=0.1%, 32=0.0%, 64=0.0%, >=64=0.0%
     issued    : total=r=0/w=480053/d=0, short=r=0/w=0/d=0, drop=r=0/w=0/d=0
     latency   : target=0, window=0, percentile=100.00%, depth=16

Run status group 0 (all jobs):
  WRITE: io=1875.3MB, aggrb=7998KB/s, minb=7998KB/s, maxb=7998KB/s, mint=240084msec, maxt=240084msec

Disk stats (read/write):
  sda: ios=0/479989, merge=0/1831, ticks=0/53796196, in_queue=59752500, util=100.00%
randwrite: (g=0): rw=randwrite, bs=4K-4K/4K-4K/4K-4K, ioengine=libaio, iodepth=16
...
fio-2.16
Starting 8 processes

randwrite: (groupid=0, jobs=8): err= 0: pid=5245: Mon Aug 14 10:30:43 2017
  write: io=1875.7MB, bw=8000.5KB/s, iops=2000, runt=240064msec
    slat (usec): min=2, max=207891, avg=58.51, stdev=1414.95
    clat (usec): min=147, max=482677, avg=63926.82, stdev=68717.54
     lat (usec): min=155, max=546281, avg=63985.33, stdev=68725.01
    clat percentiles (msec):
     |  1.00th=[    3],  5.00th=[    4], 10.00th=[    6], 20.00th=[    9],
     | 30.00th=[   14], 40.00th=[   64], 50.00th=[   64], 60.00th=[   64],
     | 70.00th=[   65], 80.00th=[   65], 90.00th=[   65], 95.00th=[  262],
     | 99.00th=[  293], 99.50th=[  297], 99.90th=[  334], 99.95th=[  371],
     | 99.99th=[  437]
    lat (usec) : 250=0.01%, 500=0.02%, 750=0.02%, 1000=0.03%
    lat (msec) : 2=0.07%, 4=4.98%, 10=18.03%, 20=8.83%, 50=0.50%
    lat (msec) : 100=58.33%, 250=1.33%, 500=7.88%
  cpu          : usr=0.25%, sys=0.87%, ctx=391530, majf=0, minf=76
  IO depths    : 1=0.1%, 2=0.1%, 4=0.1%, 8=0.1%, 16=100.0%, 32=0.0%, >=64=0.0%
     submit    : 0=0.0%, 4=100.0%, 8=0.0%, 16=0.0%, 32=0.0%, 64=0.0%, >=64=0.0%
     complete  : 0=0.0%, 4=100.0%, 8=0.0%, 16=0.1%, 32=0.0%, 64=0.0%, >=64=0.0%
     issued    : total=r=0/w=480155/d=0, short=r=0/w=0/d=0, drop=r=0/w=0/d=0
     latency   : target=0, window=0, percentile=100.00%, depth=16

Run status group 0 (all jobs):
  WRITE: io=1875.7MB, aggrb=8000KB/s, minb=8000KB/s, maxb=8000KB/s, mint=240064msec, maxt=240064msec

Disk stats (read/write):
  sda: ios=0/479995, merge=0/970, ticks=0/30742820, in_queue=30748428, util=100.00%
randwrite: (g=0): rw=randwrite, bs=4K-4K/4K-4K/4K-4K, ioengine=libaio, iodepth=16
...
fio-2.16
Starting 8 processes

randwrite: (groupid=0, jobs=8): err= 0: pid=5334: Mon Aug 14 10:34:44 2017
  write: io=1874.8MB, bw=7993.7KB/s, iops=1998, runt=240064msec
    slat (usec): min=2, max=232344, avg=41.73, stdev=1326.80
    clat (usec): min=200, max=477861, avg=63996.80, stdev=88801.03
     lat (usec): min=215, max=477870, avg=64038.53, stdev=88802.42
    clat percentiles (msec):
     |  1.00th=[    3],  5.00th=[    4], 10.00th=[    5], 20.00th=[    7],
     | 30.00th=[    9], 40.00th=[   11], 50.00th=[   14], 60.00th=[   64],
     | 70.00th=[   64], 80.00th=[   65], 90.00th=[  260], 95.00th=[  281],
     | 99.00th=[  297], 99.50th=[  302], 99.90th=[  306], 99.95th=[  318],
     | 99.99th=[  400]
    lat (usec) : 250=0.01%, 500=0.01%, 750=0.01%, 1000=0.02%
    lat (msec) : 2=0.07%, 4=8.22%, 10=29.85%, 20=14.38%, 50=0.30%
    lat (msec) : 100=32.66%, 250=0.44%, 500=14.03%
  cpu          : usr=0.24%, sys=0.80%, ctx=366077, majf=0, minf=67
  IO depths    : 1=0.1%, 2=0.1%, 4=0.1%, 8=0.1%, 16=100.0%, 32=0.0%, >=64=0.0%
     submit    : 0=0.0%, 4=100.0%, 8=0.0%, 16=0.0%, 32=0.0%, 64=0.0%, >=64=0.0%
     complete  : 0=0.0%, 4=100.0%, 8=0.0%, 16=0.1%, 32=0.0%, 64=0.0%, >=64=0.0%
     issued    : total=r=0/w=479746/d=0, short=r=0/w=0/d=0, drop=r=0/w=0/d=0
     latency   : target=0, window=0, percentile=100.00%, depth=16

Run status group 0 (all jobs):
  WRITE: io=1874.8MB, aggrb=7993KB/s, minb=7993KB/s, maxb=7993KB/s, mint=240064msec, maxt=240064msec

Disk stats (read/write):
  sda: ios=0/479996, merge=0/1240, ticks=0/42695052, in_queue=42712680, util=100.00%
randwrite: (g=0): rw=randwrite, bs=4K-4K/4K-4K/4K-4K, ioengine=libaio, iodepth=16
...
fio-2.16
Starting 8 processes
randwrite: Laying out IO file(s) (1 file(s) / 512MB)
randwrite: Laying out IO file(s) (1 file(s) / 512MB)
randwrite: Laying out IO file(s) (1 file(s) / 512MB)
randwrite: Laying out IO file(s) (1 file(s) / 512MB)
randwrite: Laying out IO file(s) (1 file(s) / 512MB)
randwrite: Laying out IO file(s) (1 file(s) / 512MB)
randwrite: Laying out IO file(s) (1 file(s) / 512MB)
randwrite: Laying out IO file(s) (1 file(s) / 512MB)

randwrite: (groupid=0, jobs=8): err= 0: pid=11136: Mon Aug 14 11:56:32 2017
  write: io=1856.4MB, bw=7918.4KB/s, iops=1979, runt=240064msec
    slat (usec): min=4, max=5135.9K, avg=197.68, stdev=22238.79
    clat (usec): min=73, max=9812.3K, avg=64448.04, stdev=137460.73
     lat (usec): min=156, max=9812.3K, avg=64645.72, stdev=140865.54
    clat percentiles (msec):
     |  1.00th=[    3],  5.00th=[    4], 10.00th=[    6], 20.00th=[    9],
     | 30.00th=[   12], 40.00th=[   63], 50.00th=[   64], 60.00th=[   64],
     | 70.00th=[   65], 80.00th=[   65], 90.00th=[  102], 95.00th=[  289],
     | 99.00th=[  293], 99.50th=[  302], 99.90th=[  396], 99.95th=[  717],
     | 99.99th=[ 9634]
    lat (usec) : 100=0.01%, 250=0.01%, 500=0.02%, 750=0.02%, 1000=0.02%
    lat (msec) : 2=0.17%, 4=5.38%, 10=20.64%, 20=10.19%, 50=2.22%
    lat (msec) : 100=51.26%, 250=2.30%, 500=7.71%, 750=0.01%, 1000=0.01%
    lat (msec) : 2000=0.01%, >=2000=0.04%
  cpu          : usr=0.27%, sys=1.04%, ctx=457107, majf=0, minf=76
  IO depths    : 1=0.1%, 2=0.1%, 4=0.1%, 8=0.1%, 16=100.0%, 32=0.0%, >=64=0.0%
     submit    : 0=0.0%, 4=100.0%, 8=0.0%, 16=0.0%, 32=0.0%, 64=0.0%, >=64=0.0%
     complete  : 0=0.0%, 4=100.0%, 8=0.0%, 16=0.1%, 32=0.0%, 64=0.0%, >=64=0.0%
     issued    : total=r=0/w=475230/d=0, short=r=0/w=0/d=0, drop=r=0/w=0/d=0
     latency   : target=0, window=0, percentile=100.00%, depth=16

Run status group 0 (all jobs):
  WRITE: io=1856.4MB, aggrb=7918KB/s, minb=7918KB/s, maxb=7918KB/s, mint=240064msec, maxt=240064msec

Disk stats (read/write):
  sda: ios=0/480043, merge=0/113607, ticks=0/30330228, in_queue=30339360, util=100.00%
randwrite: (g=0): rw=randwrite, bs=4K-4K/4K-4K/4K-4K, ioengine=libaio, iodepth=16
...
fio-2.16
Starting 8 processes

randwrite: (groupid=0, jobs=8): err= 0: pid=11397: Mon Aug 14 12:00:34 2017
  write: io=1874.4MB, bw=7994.9KB/s, iops=1998, runt=240075msec
    slat (usec): min=2, max=1726.8K, avg=80.87, stdev=5513.59
    clat (usec): min=254, max=2091.3K, avg=63944.88, stdev=70195.08
     lat (usec): min=275, max=2091.3K, avg=64025.76, stdev=70407.16
    clat percentiles (msec):
     |  1.00th=[    3],  5.00th=[    5], 10.00th=[    6], 20.00th=[   10],
     | 30.00th=[   15], 40.00th=[   64], 50.00th=[   64], 60.00th=[   64],
     | 70.00th=[   65], 80.00th=[   65], 90.00th=[   65], 95.00th=[  262],
     | 99.00th=[  297], 99.50th=[  297], 99.90th=[  330], 99.95th=[  367],
     | 99.99th=[ 1663]
    lat (usec) : 500=0.01%, 750=0.02%, 1000=0.02%
    lat (msec) : 2=0.09%, 4=4.72%, 10=17.24%, 20=8.31%, 50=0.99%
    lat (msec) : 100=59.85%, 250=1.22%, 500=7.51%, 750=0.01%, 2000=0.01%
    lat (msec) : >=2000=0.01%
  cpu          : usr=0.30%, sys=1.05%, ctx=388426, majf=0, minf=83
  IO depths    : 1=0.1%, 2=0.1%, 4=0.1%, 8=0.1%, 16=100.0%, 32=0.0%, >=64=0.0%
     submit    : 0=0.0%, 4=100.0%, 8=0.0%, 16=0.0%, 32=0.0%, 64=0.0%, >=64=0.0%
     complete  : 0=0.0%, 4=100.0%, 8=0.0%, 16=0.1%, 32=0.0%, 64=0.0%, >=64=0.0%
     issued    : total=r=0/w=479840/d=0, short=r=0/w=0/d=0, drop=r=0/w=0/d=0
     latency   : target=0, window=0, percentile=100.00%, depth=16

Run status group 0 (all jobs):
  WRITE: io=1874.4MB, aggrb=7994KB/s, minb=7994KB/s, maxb=7994KB/s, mint=240075msec, maxt=240075msec

Disk stats (read/write):
  sda: ios=0/479992, merge=0/6060, ticks=0/41198372, in_queue=41313904, util=100.00%
randwrite: (g=0): rw=randwrite, bs=4K-4K/4K-4K/4K-4K, ioengine=libaio, iodepth=16
...
fio-2.16
Starting 8 processes

randwrite: (groupid=0, jobs=8): err= 0: pid=11453: Mon Aug 14 12:04:35 2017
  write: io=1874.1MB, bw=7997.2KB/s, iops=1999, runt=240076msec
    slat (usec): min=2, max=112958, avg=55.09, stdev=1241.01
    clat (usec): min=163, max=479512, avg=63958.40, stdev=83174.58
     lat (usec): min=174, max=540039, avg=64013.50, stdev=83176.89
    clat percentiles (msec):
     |  1.00th=[    3],  5.00th=[    4], 10.00th=[    5], 20.00th=[    7],
     | 30.00th=[   10], 40.00th=[   12], 50.00th=[   64], 60.00th=[   64],
     | 70.00th=[   65], 80.00th=[   65], 90.00th=[  258], 95.00th=[  269],
     | 99.00th=[  297], 99.50th=[  302], 99.90th=[  330], 99.95th=[  351],
     | 99.99th=[  420]
    lat (usec) : 250=0.01%, 500=0.01%, 750=0.02%, 1000=0.03%
    lat (msec) : 2=0.12%, 4=7.24%, 10=26.18%, 20=12.65%, 50=0.45%
    lat (msec) : 100=40.34%, 250=0.95%, 500=12.01%
  cpu          : usr=0.30%, sys=0.96%, ctx=366697, majf=0, minf=88
  IO depths    : 1=0.1%, 2=0.1%, 4=0.1%, 8=0.1%, 16=100.0%, 32=0.0%, >=64=0.0%
     submit    : 0=0.0%, 4=100.0%, 8=0.0%, 16=0.0%, 32=0.0%, 64=0.0%, >=64=0.0%
     complete  : 0=0.0%, 4=100.0%, 8=0.0%, 16=0.1%, 32=0.0%, 64=0.0%, >=64=0.0%
     issued    : total=r=0/w=479980/d=0, short=r=0/w=0/d=0, drop=r=0/w=0/d=0
     latency   : target=0, window=0, percentile=100.00%, depth=16

Run status group 0 (all jobs):
  WRITE: io=1874.1MB, aggrb=7997KB/s, minb=7997KB/s, maxb=7997KB/s, mint=240076msec, maxt=240076msec

Disk stats (read/write):
  sda: ios=0/479976, merge=0/1734, ticks=0/41960220, in_queue=41966668, util=100.00%
randwrite: (g=0): rw=randwrite, bs=4K-4K/4K-4K/4K-4K, ioengine=libaio, iodepth=16
...
fio-2.16
Starting 8 processes

randwrite: (groupid=0, jobs=8): err= 0: pid=11514: Mon Aug 14 12:08:36 2017
  write: io=1874.4MB, bw=7993.2KB/s, iops=1998, runt=240077msec
    slat (usec): min=3, max=1042.1K, avg=70.73, stdev=2228.85
    clat (usec): min=157, max=1113.4K, avg=63970.20, stdev=66899.32
     lat (usec): min=166, max=1113.5K, avg=64040.93, stdev=66926.65
    clat percentiles (msec):
     |  1.00th=[    3],  5.00th=[    5], 10.00th=[    6], 20.00th=[   10],
     | 30.00th=[   38], 40.00th=[   64], 50.00th=[   64], 60.00th=[   64],
     | 70.00th=[   65], 80.00th=[   65], 90.00th=[   65], 95.00th=[  262],
     | 99.00th=[  293], 99.50th=[  297], 99.90th=[  334], 99.95th=[  363],
     | 99.99th=[  449]
    lat (usec) : 250=0.01%, 500=0.01%, 750=0.01%, 1000=0.02%
    lat (msec) : 2=0.09%, 4=4.58%, 10=16.98%, 20=7.99%, 50=0.55%
    lat (msec) : 100=61.28%, 250=1.15%, 500=7.33%, 2000=0.01%
  cpu          : usr=0.33%, sys=1.12%, ctx=380977, majf=0, minf=68
  IO depths    : 1=0.1%, 2=0.1%, 4=0.1%, 8=0.1%, 16=100.0%, 32=0.0%, >=64=0.0%
     submit    : 0=0.0%, 4=100.0%, 8=0.0%, 16=0.0%, 32=0.0%, 64=0.0%, >=64=0.0%
     complete  : 0=0.0%, 4=100.0%, 8=0.0%, 16=0.1%, 32=0.0%, 64=0.0%, >=64=0.0%
     issued    : total=r=0/w=479745/d=0, short=r=0/w=0/d=0, drop=r=0/w=0/d=0
     latency   : target=0, window=0, percentile=100.00%, depth=16

Run status group 0 (all jobs):
  WRITE: io=1874.4MB, aggrb=7993KB/s, minb=7993KB/s, maxb=7993KB/s, mint=240077msec, maxt=240077msec

Disk stats (read/write):
  sda: ios=0/479992, merge=0/1025, ticks=0/31982844, in_queue=32020240, util=100.00%
randwrite: (g=0): rw=randwrite, bs=4K-4K/4K-4K/4K-4K, ioengine=libaio, iodepth=16
...
fio-2.16
Starting 8 processes

randwrite: (groupid=0, jobs=8): err= 0: pid=11568: Mon Aug 14 12:12:38 2017
  write: io=1875.7MB, bw=8000.6KB/s, iops=2000, runt=240064msec
    slat (usec): min=3, max=73545, avg=64.76, stdev=1305.16
    clat (usec): min=181, max=373170, avg=63919.79, stdev=62218.01
     lat (usec): min=220, max=394429, avg=63984.55, stdev=62213.02
    clat percentiles (msec):
     |  1.00th=[    3],  5.00th=[    5], 10.00th=[    7], 20.00th=[   11],
     | 30.00th=[   64], 40.00th=[   64], 50.00th=[   64], 60.00th=[   64],
     | 70.00th=[   65], 80.00th=[   65], 90.00th=[   65], 95.00th=[  260],
     | 99.00th=[  293], 99.50th=[  297], 99.90th=[  310], 99.95th=[  330],
     | 99.99th=[  347]
    lat (usec) : 250=0.01%, 500=0.01%, 750=0.02%, 1000=0.02%
    lat (msec) : 2=0.08%, 4=4.04%, 10=14.86%, 20=7.11%, 50=0.57%
    lat (msec) : 100=65.74%, 250=0.88%, 500=6.67%
  cpu          : usr=0.32%, sys=1.11%, ctx=386336, majf=0, minf=83
  IO depths    : 1=0.1%, 2=0.1%, 4=0.1%, 8=0.1%, 16=100.0%, 32=0.0%, >=64=0.0%
     submit    : 0=0.0%, 4=100.0%, 8=0.0%, 16=0.0%, 32=0.0%, 64=0.0%, >=64=0.0%
     complete  : 0=0.0%, 4=100.0%, 8=0.0%, 16=0.1%, 32=0.0%, 64=0.0%, >=64=0.0%
     issued    : total=r=0/w=480162/d=0, short=r=0/w=0/d=0, drop=r=0/w=0/d=0
     latency   : target=0, window=0, percentile=100.00%, depth=16

Run status group 0 (all jobs):
  WRITE: io=1875.7MB, aggrb=8000KB/s, minb=8000KB/s, maxb=8000KB/s, mint=240064msec, maxt=240064msec

Disk stats (read/write):
  sda: ios=0/479987, merge=0/471, ticks=0/32142848, in_queue=32147940, util=100.00%
